<!DOCTYPE html>
<html>
<head>

<meta http-equiv="Content-Type" content="text/html; charset=UTF-8" />

<script src="js/jquery.min.js"></script>
<script src="js/jquery.tablesorter.min.js"></script>
<script src="js/Chart.min.js"></script>
<script src="js/moment.min.js"></script>
<script src="js/bootstrap.min.js"></script>

<link rel="stylesheet" href="css/bootstrap.min.css" type="text/css"/>
<link rel="stylesheet" href="css/cucumber.css" type="text/css"/>
<link rel="stylesheet" href="css/font-awesome.min.css"/>
<link rel="shortcut icon" href="images/favicon.png"/>

<script>
$(document).ready(function() {
    // this will tell tablesorter to try looking for the data-value attribute
    // if present, it'll sort by that instead
    // otherwise, it'll sort by the text content of the table cell
    $("#tablesorter").tablesorter({
        textAttribute: 'data-value',
        // ignores the first row of the header, the 'scenario', 'steps', since
        // sorting those doesn't make sense
        selectorHeaders: '> thead tr:not(.dont-sort) th',
        // use a stable sort
        sortStable: true
    });
});
</script>











<title>Cucumber Reports  - Error Page</title>


  <style>
  .error-message {
    color:red;
    font-weight: bold;
    background-color: lightpink;
    font-family: monospace;
  }
  </style>
</head>

<body>

<nav class="navbar navbar-default navbar-fixed-top" id="navigation">
  <div class="container-fluid">
    <div class="collapse navbar-collapse">
      <p class="navbar-text navbar-left">Cucumber Report</p>
      <ul class="nav navbar-nav navbar-right">
        <li role="presentation" ><a href="overview-features.html">Features</a></li>
        <li role="presentation" ><a href="overview-tags.html">Tags</a></li>
        <li role="presentation" ><a href="overview-steps.html">Steps</a></li>
        <li role="presentation" ><a href="overview-failures.html">Failures</a></li>
      </ul>
    </div>
  </div>
</nav>


<div class="container-fluid">
  <div class="col-md-5 col-md-offset-1">

<table class="table table-bordered" id="build-info">
  <thead>
    <tr>
      <th>Project</th>
      <th>Date</th>
    </tr>
  </thead>
  <tbody>
    <tr class="info">
      <td>karateapi</td>
      <td>08 Feb 2024, 16:06</td>
    </tr>
  </tbody>
</table>

  </div>
  <div class="col-md-3 col-md-offset-2">
  </div>
</div>


<div id="report-lead" class="container-fluid">
  <div class="col-md-10 col-md-offset-1">
    <h2>Error</h2>
      <p>Something went wrong with project karateapi, build $build_number</p>
  </div>
</div>

<div class="container-fluid" id="report">
  <div class="row">
    <div class="col-md-10 col-md-offset-1">
      <div class="message">
        <pre>net.masterthought.cucumber.ValidationException: File 'C:\Users\itexps\eclipse-workspace\karateapi\.\src\test\java\karateapi\users.json' is not proper Cucumber report!
	at net.masterthought.cucumber.ReportParser.parseForFeature(ReportParser.java:104)
	at net.masterthought.cucumber.ReportParser.parseJsonFiles(ReportParser.java:72)
	at net.masterthought.cucumber.ReportBuilder.generateReports(ReportBuilder.java:93)
	at karateapi.TestRunner.generateReport(TestRunner.java:31)
	at karateapi.TestRunner.testSample(TestRunner.java:23)
	at java.base/jdk.internal.reflect.DirectMethodHandleAccessor.invoke(DirectMethodHandleAccessor.java:103)
	at java.base/java.lang.reflect.Method.invoke(Method.java:580)
	at org.junit.platform.commons.util.ReflectionUtils.invokeMethod(ReflectionUtils.java:727)
	at org.junit.jupiter.engine.execution.MethodInvocation.proceed(MethodInvocation.java:60)
	at org.junit.jupiter.engine.execution.InvocationInterceptorChain$ValidatingInvocation.proceed(InvocationInterceptorChain.java:131)
	at org.junit.jupiter.engine.extension.TimeoutExtension.intercept(TimeoutExtension.java:156)
	at org.junit.jupiter.engine.extension.TimeoutExtension.interceptTestableMethod(TimeoutExtension.java:147)
	at org.junit.jupiter.engine.extension.TimeoutExtension.interceptTestFactoryMethod(TimeoutExtension.java:102)
	at org.junit.jupiter.engine.execution.InterceptingExecutableInvoker.lambda$invoke$0(InterceptingExecutableInvoker.java:93)
	at org.junit.jupiter.engine.execution.InvocationInterceptorChain$InterceptedInvocation.proceed(InvocationInterceptorChain.java:106)
	at org.junit.jupiter.engine.execution.InvocationInterceptorChain.proceed(InvocationInterceptorChain.java:64)
	at org.junit.jupiter.engine.execution.InvocationInterceptorChain.chainAndInvoke(InvocationInterceptorChain.java:45)
	at org.junit.jupiter.engine.execution.InvocationInterceptorChain.invoke(InvocationInterceptorChain.java:37)
	at org.junit.jupiter.engine.execution.InterceptingExecutableInvoker.invoke(InterceptingExecutableInvoker.java:92)
	at org.junit.jupiter.engine.execution.InterceptingExecutableInvoker.invoke(InterceptingExecutableInvoker.java:86)
	at org.junit.jupiter.engine.descriptor.TestFactoryTestDescriptor.lambda$invokeTestMethod$1(TestFactoryTestDescriptor.java:97)
	at org.junit.platform.engine.support.hierarchical.ThrowableCollector.execute(ThrowableCollector.java:73)
	at org.junit.jupiter.engine.descriptor.TestFactoryTestDescriptor.invokeTestMethod(TestFactoryTestDescriptor.java:95)
	at org.junit.jupiter.engine.descriptor.TestMethodTestDescriptor.execute(TestMethodTestDescriptor.java:138)
	at org.junit.jupiter.engine.descriptor.TestMethodTestDescriptor.execute(TestMethodTestDescriptor.java:68)
	at org.junit.platform.engine.support.hierarchical.NodeTestTask.lambda$executeRecursively$6(NodeTestTask.java:151)
	at org.junit.platform.engine.support.hierarchical.ThrowableCollector.execute(ThrowableCollector.java:73)
	at org.junit.platform.engine.support.hierarchical.NodeTestTask.lambda$executeRecursively$8(NodeTestTask.java:141)
	at org.junit.platform.engine.support.hierarchical.Node.around(Node.java:137)
	at org.junit.platform.engine.support.hierarchical.NodeTestTask.lambda$executeRecursively$9(NodeTestTask.java:139)
	at org.junit.platform.engine.support.hierarchical.ThrowableCollector.execute(ThrowableCollector.java:73)
	at org.junit.platform.engine.support.hierarchical.NodeTestTask.executeRecursively(NodeTestTask.java:138)
	at org.junit.platform.engine.support.hierarchical.NodeTestTask.execute(NodeTestTask.java:95)
	at java.base/java.util.ArrayList.forEach(ArrayList.java:1596)
	at org.junit.platform.engine.support.hierarchical.SameThreadHierarchicalTestExecutorService.invokeAll(SameThreadHierarchicalTestExecutorService.java:41)
	at org.junit.platform.engine.support.hierarchical.NodeTestTask.lambda$executeRecursively$6(NodeTestTask.java:155)
	at org.junit.platform.engine.support.hierarchical.ThrowableCollector.execute(ThrowableCollector.java:73)
	at org.junit.platform.engine.support.hierarchical.NodeTestTask.lambda$executeRecursively$8(NodeTestTask.java:141)
	at org.junit.platform.engine.support.hierarchical.Node.around(Node.java:137)
	at org.junit.platform.engine.support.hierarchical.NodeTestTask.lambda$executeRecursively$9(NodeTestTask.java:139)
	at org.junit.platform.engine.support.hierarchical.ThrowableCollector.execute(ThrowableCollector.java:73)
	at org.junit.platform.engine.support.hierarchical.NodeTestTask.executeRecursively(NodeTestTask.java:138)
	at org.junit.platform.engine.support.hierarchical.NodeTestTask.execute(NodeTestTask.java:95)
	at java.base/java.util.ArrayList.forEach(ArrayList.java:1596)
	at org.junit.platform.engine.support.hierarchical.SameThreadHierarchicalTestExecutorService.invokeAll(SameThreadHierarchicalTestExecutorService.java:41)
	at org.junit.platform.engine.support.hierarchical.NodeTestTask.lambda$executeRecursively$6(NodeTestTask.java:155)
	at org.junit.platform.engine.support.hierarchical.ThrowableCollector.execute(ThrowableCollector.java:73)
	at org.junit.platform.engine.support.hierarchical.NodeTestTask.lambda$executeRecursively$8(NodeTestTask.java:141)
	at org.junit.platform.engine.support.hierarchical.Node.around(Node.java:137)
	at org.junit.platform.engine.support.hierarchical.NodeTestTask.lambda$executeRecursively$9(NodeTestTask.java:139)
	at org.junit.platform.engine.support.hierarchical.ThrowableCollector.execute(ThrowableCollector.java:73)
	at org.junit.platform.engine.support.hierarchical.NodeTestTask.executeRecursively(NodeTestTask.java:138)
	at org.junit.platform.engine.support.hierarchical.NodeTestTask.execute(NodeTestTask.java:95)
	at org.junit.platform.engine.support.hierarchical.SameThreadHierarchicalTestExecutorService.submit(SameThreadHierarchicalTestExecutorService.java:35)
	at org.junit.platform.engine.support.hierarchical.HierarchicalTestExecutor.execute(HierarchicalTestExecutor.java:57)
	at org.junit.platform.engine.support.hierarchical.HierarchicalTestEngine.execute(HierarchicalTestEngine.java:54)
	at org.junit.platform.launcher.core.EngineExecutionOrchestrator.execute(EngineExecutionOrchestrator.java:147)
	at org.junit.platform.launcher.core.EngineExecutionOrchestrator.execute(EngineExecutionOrchestrator.java:127)
	at org.junit.platform.launcher.core.EngineExecutionOrchestrator.execute(EngineExecutionOrchestrator.java:90)
	at org.junit.platform.launcher.core.EngineExecutionOrchestrator.lambda$execute$0(EngineExecutionOrchestrator.java:55)
	at org.junit.platform.launcher.core.EngineExecutionOrchestrator.withInterceptedStreams(EngineExecutionOrchestrator.java:102)
	at org.junit.platform.launcher.core.EngineExecutionOrchestrator.execute(EngineExecutionOrchestrator.java:54)
	at org.junit.platform.launcher.core.DefaultLauncher.execute(DefaultLauncher.java:114)
	at org.junit.platform.launcher.core.DefaultLauncher.execute(DefaultLauncher.java:95)
	at org.junit.platform.launcher.core.DefaultLauncherSession$DelegatingLauncher.execute(DefaultLauncherSession.java:91)
	at org.junit.platform.launcher.core.SessionPerRequestLauncher.execute(SessionPerRequestLauncher.java:60)
	at org.eclipse.jdt.internal.junit5.runner.JUnit5TestReference.run(JUnit5TestReference.java:100)
	at org.eclipse.jdt.internal.junit.runner.TestExecution.run(TestExecution.java:40)
	at org.eclipse.jdt.internal.junit.runner.RemoteTestRunner.runTests(RemoteTestRunner.java:529)
	at org.eclipse.jdt.internal.junit.runner.RemoteTestRunner.runTests(RemoteTestRunner.java:756)
	at org.eclipse.jdt.internal.junit.runner.RemoteTestRunner.run(RemoteTestRunner.java:452)
	at org.eclipse.jdt.internal.junit.runner.RemoteTestRunner.main(RemoteTestRunner.java:210)
Caused by: com.fasterxml.jackson.databind.exc.MismatchedInputException: Cannot deserialize instance of `[Lnet.masterthought.cucumber.json.Feature;` out of START_OBJECT token
 at [Source: (InputStreamReader); line: 1, column: 1]
	at com.fasterxml.jackson.databind.exc.MismatchedInputException.from(MismatchedInputException.java:59)
	at com.fasterxml.jackson.databind.DeserializationContext.reportInputMismatch(DeserializationContext.java:1442)
	at com.fasterxml.jackson.databind.DeserializationContext.handleUnexpectedToken(DeserializationContext.java:1216)
	at com.fasterxml.jackson.databind.DeserializationContext.handleUnexpectedToken(DeserializationContext.java:1126)
	at com.fasterxml.jackson.databind.deser.std.ObjectArrayDeserializer.handleNonArray(ObjectArrayDeserializer.java:329)
	at com.fasterxml.jackson.databind.deser.std.ObjectArrayDeserializer.deserialize(ObjectArrayDeserializer.java:175)
	at com.fasterxml.jackson.databind.deser.std.ObjectArrayDeserializer.deserialize(ObjectArrayDeserializer.java:21)
	at com.fasterxml.jackson.databind.ObjectMapper._readMapAndClose(ObjectMapper.java:4202)
	at com.fasterxml.jackson.databind.ObjectMapper.readValue(ObjectMapper.java:3218)
	at net.masterthought.cucumber.ReportParser.parseForFeature(ReportParser.java:93)
	... 71 more
</pre>
      </div>
      <div>Trying to generate report from following files. Make sure they are valid cucumber report files:</div>
      <div class="error-files">
        <pre>
 C:\Users\itexps\eclipse-workspace\karateapi\.\src\test\java\karateapi\users.json
 C:\Users\itexps\eclipse-workspace\karateapi\.\target\test-classes\karateapi\users.json
        </pre>
      </div>
    </div>
  </div>
</div>


<nav class="navbar navbar-default" id="footer">
  <div class="container-fluid">
    <p class="navbar-text navbar-right">
        <small>generate Cucumber HTML reports via:&nbsp;</small>
        <a class="navbar-link" href="https://github.com/jenkinsci/cucumber-reports-plugin">Jenkins Plugin</a> |
        <a class="navbar-link" href="https://github.com/damianszczepanik/cucumber-reporting">Standalone</a> |
        <a class="navbar-link" href="https://github.com/damianszczepanik/cucumber-sandwich">Sandwich</a> |
        <a class="navbar-link" href="https://github.com/damianszczepanik/maven-cucumber-reporting">Maven</a>
        &nbsp;&nbsp;
    </p>
  </div>
</nav>

</body>
</html>
